app/build/outputs/logs/manifest-merger-debug-report.txt
-- Merging decision tree log ---
manifest
ADDED from src/main/AndroidManifest.xml:2:1-257:12
INJECTED from src/main/AndroidManifest.xml:2:1-257:12
INJECTED from src/main/AndroidManifest.xml:2:1-257:12
INJECTED from src/main/AndroidManifest.xml:2:1-257:12
INJECTED from src/main/AndroidManifest.xml:2:1-257:12
INJECTED from src/main/AndroidManifest.xml:2:1-257:12
INJECTED from src/main/AndroidManifest.xml:2:1-257:12
	package
		ADDED from src/main/AndroidManifest.xml:3:5-34
		INJECTED from src/main/AndroidManifest.xml
		INJECTED from src/main/AndroidManifest.xml
	android:versionName
		ADDED from src/main/AndroidManifest.xml:6:5-31
		INJECTED from src/main/AndroidManifest.xml
		INJECTED from src/main/AndroidManifest.xml
	xmlns:android
		ADDED from src/main/AndroidManifest.xml:2:11-69
	android:versionCode
		ADDED from src/main/AndroidManifest.xml:5:5-29
		INJECTED from src/main/AndroidManifest.xml
		INJECTED from src/main/AndroidManifest.xml
	android:installLocation
		ADDED from src/main/AndroidManifest.xml:4:5-43
uses-sdk
ADDED from src/main/AndroidManifest.xml:8:5-47
INJECTED from src/main/AndroidManifest.xml:8:5-47
INJECTED from src/main/AndroidManifest.xml:8:5-47
INJECTED from src/main/AndroidManifest.xml:8:5-47
INJECTED from src/main/AndroidManifest.xml:8:5-47
	android:targetSdkVersion
		ADDED from src/main/AndroidManifest.xml:8:15-44
		INJECTED from src/main/AndroidManifest.xml
		INJECTED from src/main/AndroidManifest.xml
	android:minSdkVersion
		INJECTED from src/main/AndroidManifest.xml
		ADDED from src/main/AndroidManifest.xml:8:5-47
		INJECTED from src/main/AndroidManifest.xml
uses-permission#android.permission.INTERNET
ADDED from src/main/AndroidManifest.xml:10:5-67
	android:name
		ADDED from src/main/AndroidManifest.xml:10:22-64
uses-permission#android.permission.ACCESS_NETWORK_STATE
ADDED from src/main/AndroidManifest.xml:11:5-79
	android:name
		ADDED from src/main/AndroidManifest.xml:11:22-76
uses-permission#android.permission.ACCESS_WIFI_STATE
ADDED from src/main/AndroidManifest.xml:12:5-76
	android:name
		ADDED from src/main/AndroidManifest.xml:12:22-73
uses-permission#android.permission.WRITE_EXTERNAL_STORAGE
ADDED from src/main/AndroidManifest.xml:13:5-81
	android:name
		ADDED from src/main/AndroidManifest.xml:13:22-78
uses-permission#android.permission.READ_EXTERNAL_STORAGE
ADDED from src/main/AndroidManifest.xml:14:5-79
	android:name
		ADDED from src/main/AndroidManifest.xml:14:22-77
uses-permission#android.permission.BLUETOOTH
ADDED from src/main/AndroidManifest.xml:15:5-68
	android:name
		ADDED from src/main/AndroidManifest.xml:15:22-65
uses-permission#android.permission.BLUETOOTH_ADMIN
ADDED from src/main/AndroidManifest.xml:16:5-74
	android:name
		ADDED from src/main/AndroidManifest.xml:16:22-71
uses-permission#android.permission.GET_TASKS
ADDED from src/main/AndroidManifest.xml:17:5-68
	android:name
		ADDED from src/main/AndroidManifest.xml:17:22-65
uses-permission#android.permission.READ_PHONE_STATE
ADDED from src/main/AndroidManifest.xml:18:5-75
	android:name
		ADDED from src/main/AndroidManifest.xml:18:22-72
uses-permission#android.permission.SYSTEM_ALERT_WINDOW
ADDED from src/main/AndroidManifest.xml:19:5-78
	android:name
		ADDED from src/main/AndroidManifest.xml:19:22-75
uses-permission#android.permission.VIBRATE
ADDED from src/main/AndroidManifest.xml:20:5-65
	android:name
		ADDED from src/main/AndroidManifest.xml:20:22-63
uses-permission#android.permission.CAMERA
ADDED from src/main/AndroidManifest.xml:21:5-64
	android:name
		ADDED from src/main/AndroidManifest.xml:21:22-62
application
ADDED from src/main/AndroidManifest.xml:23:5-255:19
	android:label
		ADDED from src/main/AndroidManifest.xml:26:9-41
	android:icon
		ADDED from src/main/AndroidManifest.xml:25:9-45
	android:allowBackup
		ADDED from src/main/AndroidManifest.xml:24:9-35
	android:theme
		ADDED from src/main/AndroidManifest.xml:27:9-47
activity#com.ktds.erpbarcode.IntroActivity
ADDED from src/main/AndroidManifest.xml:30:9-39:20
	android:screenOrientation
		ADDED from src/main/AndroidManifest.xml:33:13-49
	android:label
		ADDED from src/main/AndroidManifest.xml:32:13-45
	android:name
		ADDED from src/main/AndroidManifest.xml:31:13-61
intent-filter#action:name:android.intent.action.MAIN+category:name:android.intent.category.LAUNCHER
ADDED from src/main/AndroidManifest.xml:34:13-38:29
action#android.intent.action.MAIN
ADDED from src/main/AndroidManifest.xml:35:17-69
	android:name
		ADDED from src/main/AndroidManifest.xml:35:25-66
category#android.intent.category.LAUNCHER
ADDED from src/main/AndroidManifest.xml:37:17-77
	android:name
		ADDED from src/main/AndroidManifest.xml:37:27-74
activity#com.ktds.erpbarcode.LoginActivity
ADDED from src/main/AndroidManifest.xml:40:9-43:54
	android:screenOrientation
		ADDED from src/main/AndroidManifest.xml:42:13-49
	android:theme
		ADDED from src/main/AndroidManifest.xml:43:13-51
	android:name
		ADDED from src/main/AndroidManifest.xml:41:13-61
activity#com.ktds.erpbarcode.CertificationActivity
ADDED from src/main/AndroidManifest.xml:44:9-47:54
	android:screenOrientation
		ADDED from src/main/AndroidManifest.xml:46:13-49
	android:theme
		ADDED from src/main/AndroidManifest.xml:47:13-51
	android:name
		ADDED from src/main/AndroidManifest.xml:45:13-69
activity#com.ktds.erpbarcode.UpgradeActivity
ADDED from src/main/AndroidManifest.xml:49:9-52:54
	android:screenOrientation
		ADDED from src/main/AndroidManifest.xml:51:13-49
	android:theme
		ADDED from src/main/AndroidManifest.xml:52:13-51
	android:name
		ADDED from src/main/AndroidManifest.xml:50:13-63
activity#com.ktds.erpbarcode.MainActivity
ADDED from src/main/AndroidManifest.xml:54:9-57:54
	android:screenOrientation
		ADDED from src/main/AndroidManifest.xml:56:13-49
	android:theme
		ADDED from src/main/AndroidManifest.xml:57:13-51
	android:name
		ADDED from src/main/AndroidManifest.xml:55:13-60
activity#com.ktds.erpbarcode.env.SettingActivity
ADDED from src/main/AndroidManifest.xml:58:9-61:54
	android:screenOrientation
		ADDED from src/main/AndroidManifest.xml:60:13-49
	android:theme
		ADDED from src/main/AndroidManifest.xml:61:13-51
	android:name
		ADDED from src/main/AndroidManifest.xml:59:13-67
activity#com.ktds.erpbarcode.env.NoticeActivity
ADDED from src/main/AndroidManifest.xml:62:9-65:54
	android:screenOrientation
		ADDED from src/main/AndroidManifest.xml:64:13-49
	android:theme
		ADDED from src/main/AndroidManifest.xml:65:13-51
	android:name
		ADDED from src/main/AndroidManifest.xml:63:13-66
activity#com.ktds.erpbarcode.env.bluetooth.PairingActivity
ADDED from src/main/AndroidManifest.xml:66:9-69:54
	android:screenOrientation
		ADDED from src/main/AndroidManifest.xml:68:13-49
	android:theme
		ADDED from src/main/AndroidManifest.xml:69:13-51
	android:name
		ADDED from src/main/AndroidManifest.xml:67:13-77
activity#com.ktds.erpbarcode.management.TreeScanActivity
ADDED from src/main/AndroidManifest.xml:72:9-76:67
	android:screenOrientation
		ADDED from src/main/AndroidManifest.xml:74:13-49
	android:windowSoftInputMode
		ADDED from src/main/AndroidManifest.xml:76:13-64
	android:theme
		ADDED from src/main/AndroidManifest.xml:75:13-51
	android:name
		ADDED from src/main/AndroidManifest.xml:73:13-75
activity#com.ktds.erpbarcode.management.TransferActivity
ADDED from src/main/AndroidManifest.xml:78:9-82:67
	android:screenOrientation
		ADDED from src/main/AndroidManifest.xml:80:13-49
	android:windowSoftInputMode
		ADDED from src/main/AndroidManifest.xml:82:13-64
	android:theme
		ADDED from src/main/AndroidManifest.xml:81:13-51
	android:name
		ADDED from src/main/AndroidManifest.xml:79:13-75
activity#com.ktds.erpbarcode.management.RepairActivity
ADDED from src/main/AndroidManifest.xml:84:9-88:67
	android:screenOrientation
		ADDED from src/main/AndroidManifest.xml:86:13-49
	android:windowSoftInputMode
		ADDED from src/main/AndroidManifest.xml:88:13-64
	android:theme
		ADDED from src/main/AndroidManifest.xml:87:13-51
	android:name
		ADDED from src/main/AndroidManifest.xml:85:13-73
activity#com.ktds.erpbarcode.survey.SpotCheckActivity
ADDED from src/main/AndroidManifest.xml:90:9-94:67
	android:screenOrientation
		ADDED from src/main/AndroidManifest.xml:92:13-49
	android:windowSoftInputMode
		ADDED from src/main/AndroidManifest.xml:94:13-64
	android:theme
		ADDED from src/main/AndroidManifest.xml:93:13-51
	android:name
		ADDED from src/main/AndroidManifest.xml:91:13-72
activity#com.ktds.erpbarcode.survey.TerminalCheckActivity
ADDED from src/main/AndroidManifest.xml:95:9-99:67
	android:screenOrientation
		ADDED from src/main/AndroidManifest.xml:97:13-49
	android:windowSoftInputMode
		ADDED from src/main/AndroidManifest.xml:99:13-64
	android:theme
		ADDED from src/main/AndroidManifest.xml:98:13-51
	android:name
		ADDED from src/main/AndroidManifest.xml:96:13-76
activity#com.ktds.erpbarcode.ism.IsmRequestActivity
ADDED from src/main/AndroidManifest.xml:103:9-107:67
	android:screenOrientation
		ADDED from src/main/AndroidManifest.xml:105:13-49
	android:windowSoftInputMode
		ADDED from src/main/AndroidManifest.xml:107:13-64
	android:theme
		ADDED from src/main/AndroidManifest.xml:106:13-51
	android:name
		ADDED from src/main/AndroidManifest.xml:104:13-70
activity#com.ktds.erpbarcode.ism.EtcEquipmentActivity
ADDED from src/main/AndroidManifest.xml:109:9-113:67
	android:screenOrientation
		ADDED from src/main/AndroidManifest.xml:111:13-49
	android:windowSoftInputMode
		ADDED from src/main/AndroidManifest.xml:113:13-64
	android:theme
		ADDED from src/main/AndroidManifest.xml:112:13-51
	android:name
		ADDED from src/main/AndroidManifest.xml:110:13-72
activity#com.ktds.erpbarcode.ism.IsmCompleteActivity
ADDED from src/main/AndroidManifest.xml:116:9-120:67
	android:screenOrientation
		ADDED from src/main/AndroidManifest.xml:118:13-49
	android:windowSoftInputMode
		ADDED from src/main/AndroidManifest.xml:120:13-64
	android:theme
		ADDED from src/main/AndroidManifest.xml:119:13-51
	android:name
		ADDED from src/main/AndroidManifest.xml:117:13-71
activity#com.ktds.erpbarcode.job.JobMenageActivity
ADDED from src/main/AndroidManifest.xml:123:9-127:67
	android:screenOrientation
		ADDED from src/main/AndroidManifest.xml:125:13-49
	android:windowSoftInputMode
		ADDED from src/main/AndroidManifest.xml:127:13-64
	android:theme
		ADDED from src/main/AndroidManifest.xml:126:13-51
	android:name
		ADDED from src/main/AndroidManifest.xml:124:13-69
activity#com.ktds.erpbarcode.ism.IsmManagementActivity
ADDED from src/main/AndroidManifest.xml:130:9-134:67
	android:screenOrientation
		ADDED from src/main/AndroidManifest.xml:132:13-49
	android:windowSoftInputMode
		ADDED from src/main/AndroidManifest.xml:134:13-64
	android:theme
		ADDED from src/main/AndroidManifest.xml:133:13-51
	android:name
		ADDED from src/main/AndroidManifest.xml:131:13-73
activity#com.ktds.erpbarcode.infosearch.SelectOrgCodeActivity
ADDED from src/main/AndroidManifest.xml:137:9-141:67
	android:screenOrientation
		ADDED from src/main/AndroidManifest.xml:139:13-49
	android:windowSoftInputMode
		ADDED from src/main/AndroidManifest.xml:141:13-64
	android:theme
		ADDED from src/main/AndroidManifest.xml:140:13-51
	android:name
		ADDED from src/main/AndroidManifest.xml:138:13-80
activity#com.ktds.erpbarcode.infosearch.SelectFacDetailActivity
ADDED from src/main/AndroidManifest.xml:142:9-146:67
	android:screenOrientation
		ADDED from src/main/AndroidManifest.xml:144:13-49
	android:windowSoftInputMode
		ADDED from src/main/AndroidManifest.xml:146:13-64
	android:theme
		ADDED from src/main/AndroidManifest.xml:145:13-51
	android:name
		ADDED from src/main/AndroidManifest.xml:143:13-82
activity#com.ktds.erpbarcode.infosearch.SelectProductActivity
ADDED from src/main/AndroidManifest.xml:148:9-151:54
	android:screenOrientation
		ADDED from src/main/AndroidManifest.xml:150:13-49
	android:theme
		ADDED from src/main/AndroidManifest.xml:151:13-51
	android:name
		ADDED from src/main/AndroidManifest.xml:149:13-80
activity#com.ktds.erpbarcode.infosearch.SelectDeviceActivity
ADDED from src/main/AndroidManifest.xml:152:9-156:67
	android:screenOrientation
		ADDED from src/main/AndroidManifest.xml:154:13-49
	android:windowSoftInputMode
		ADDED from src/main/AndroidManifest.xml:156:13-64
	android:theme
		ADDED from src/main/AndroidManifest.xml:155:13-51
	android:name
		ADDED from src/main/AndroidManifest.xml:153:13-79
activity#com.ktds.erpbarcode.infosearch.SelectLocActivity
ADDED from src/main/AndroidManifest.xml:157:9-161:67
	android:screenOrientation
		ADDED from src/main/AndroidManifest.xml:159:13-49
	android:windowSoftInputMode
		ADDED from src/main/AndroidManifest.xml:161:13-64
	android:theme
		ADDED from src/main/AndroidManifest.xml:160:13-51
	android:name
		ADDED from src/main/AndroidManifest.xml:158:13-76
activity#com.ktds.erpbarcode.infosearch.SearchLocCheckActivity
ADDED from src/main/AndroidManifest.xml:162:9-166:67
	android:screenOrientation
		ADDED from src/main/AndroidManifest.xml:164:13-49
	android:windowSoftInputMode
		ADDED from src/main/AndroidManifest.xml:166:13-64
	android:theme
		ADDED from src/main/AndroidManifest.xml:165:13-51
	android:name
		ADDED from src/main/AndroidManifest.xml:163:13-81
activity#com.ktds.erpbarcode.infosearch.SearchWbsCheckActivity
ADDED from src/main/AndroidManifest.xml:167:9-171:67
	android:screenOrientation
		ADDED from src/main/AndroidManifest.xml:169:13-49
	android:windowSoftInputMode
		ADDED from src/main/AndroidManifest.xml:171:13-64
	android:theme
		ADDED from src/main/AndroidManifest.xml:170:13-51
	android:name
		ADDED from src/main/AndroidManifest.xml:168:13-81
activity#com.ktds.erpbarcode.infosearch.ZoomImageActivity
ADDED from src/main/AndroidManifest.xml:172:9-176:67
	android:screenOrientation
		ADDED from src/main/AndroidManifest.xml:174:13-49
	android:windowSoftInputMode
		ADDED from src/main/AndroidManifest.xml:176:13-64
	android:theme
		ADDED from src/main/AndroidManifest.xml:175:13-51
	android:name
		ADDED from src/main/AndroidManifest.xml:173:13-76
activity#com.ktds.erpbarcode.barcodeManagement.BarcodeManagementLocActivity
ADDED from src/main/AndroidManifest.xml:178:9-182:67
	android:screenOrientation
		ADDED from src/main/AndroidManifest.xml:180:13-49
	android:windowSoftInputMode
		ADDED from src/main/AndroidManifest.xml:182:13-64
	android:theme
		ADDED from src/main/AndroidManifest.xml:181:13-51
	android:name
		ADDED from src/main/AndroidManifest.xml:179:13-94
activity#com.ktds.erpbarcode.management.ResetPasswordActivity
ADDED from src/main/AndroidManifest.xml:184:9-188:67
	android:screenOrientation
		ADDED from src/main/AndroidManifest.xml:186:13-49
	android:windowSoftInputMode
		ADDED from src/main/AndroidManifest.xml:188:13-64
	android:theme
		ADDED from src/main/AndroidManifest.xml:187:13-51
	android:name
		ADDED from src/main/AndroidManifest.xml:185:13-80
activity#com.ktds.erpbarcode.PersonalInfoAgreeActivity
ADDED from src/main/AndroidManifest.xml:190:9-194:67
	android:screenOrientation
		ADDED from src/main/AndroidManifest.xml:192:13-49
	android:windowSoftInputMode
		ADDED from src/main/AndroidManifest.xml:194:13-64
	android:theme
		ADDED from src/main/AndroidManifest.xml:193:13-51
	android:name
		ADDED from src/main/AndroidManifest.xml:191:13-73
activity#com.ktds.erpbarcode.management.AddrInfoActivity
ADDED from src/main/AndroidManifest.xml:196:9-202:20
	android:label
		ADDED from src/main/AndroidManifest.xml:201:13-61
	android:windowSoftInputMode
		ADDED from src/main/AndroidManifest.xml:199:4-45
	android:configChanges
		ADDED from src/main/AndroidManifest.xml:200:4-54
	android:theme
		ADDED from src/main/AndroidManifest.xml:198:13-56
	android:name
		ADDED from src/main/AndroidManifest.xml:197:13-75
activity#com.ktds.erpbarcode.management.GwlenListActivity
ADDED from src/main/AndroidManifest.xml:204:9-210:20
	android:label
		ADDED from src/main/AndroidManifest.xml:209:13-61
	android:windowSoftInputMode
		ADDED from src/main/AndroidManifest.xml:207:4-45
	android:configChanges
		ADDED from src/main/AndroidManifest.xml:208:4-54
	android:theme
		ADDED from src/main/AndroidManifest.xml:206:13-56
	android:name
		ADDED from src/main/AndroidManifest.xml:205:13-76
activity#com.ktds.erpbarcode.management.DeleteWhyInfoActivity
ADDED from src/main/AndroidManifest.xml:212:9-218:20
	android:label
		ADDED from src/main/AndroidManifest.xml:217:13-67
	android:windowSoftInputMode
		ADDED from src/main/AndroidManifest.xml:215:4-45
	android:configChanges
		ADDED from src/main/AndroidManifest.xml:216:4-54
	android:theme
		ADDED from src/main/AndroidManifest.xml:214:13-56
	android:name
		ADDED from src/main/AndroidManifest.xml:213:13-80
activity#com.ktds.erpbarcode.barcodeManagement.FindUserActivity
ADDED from src/main/AndroidManifest.xml:220:9-226:20
	android:label
		ADDED from src/main/AndroidManifest.xml:225:13-61
	android:windowSoftInputMode
		ADDED from src/main/AndroidManifest.xml:223:4-45
	android:configChanges
		ADDED from src/main/AndroidManifest.xml:224:4-54
	android:theme
		ADDED from src/main/AndroidManifest.xml:222:13-56
	android:name
		ADDED from src/main/AndroidManifest.xml:221:13-82
activity#com.ktds.erpbarcode.ChangePasswordActivity
ADDED from src/main/AndroidManifest.xml:228:9-233:20
	android:label
		ADDED from src/main/AndroidManifest.xml:232:13-64
	android:windowSoftInputMode
		ADDED from src/main/AndroidManifest.xml:231:4-45
	android:theme
		ADDED from src/main/AndroidManifest.xml:230:13-56
	android:name
		ADDED from src/main/AndroidManifest.xml:229:13-70
activity#com.ktds.erpbarcode.print.zebra.PrinterSettingActivity
ADDED from src/main/AndroidManifest.xml:235:9-241:20
	android:label
		ADDED from src/main/AndroidManifest.xml:240:13-67
	android:windowSoftInputMode
		ADDED from src/main/AndroidManifest.xml:238:4-45
	android:configChanges
		ADDED from src/main/AndroidManifest.xml:239:4-54
	android:theme
		ADDED from src/main/AndroidManifest.xml:237:13-56
	android:name
		ADDED from src/main/AndroidManifest.xml:236:13-82
activity#com.ktds.erpbarcode.base.ScanViewActivity
ADDED from src/main/AndroidManifest.xml:243:9-247:67
	android:screenOrientation
		ADDED from src/main/AndroidManifest.xml:245:13-49
	android:windowSoftInputMode
		ADDED from src/main/AndroidManifest.xml:247:13-64
	android:theme
		ADDED from src/main/AndroidManifest.xml:246:13-51
	android:name
		ADDED from src/main/AndroidManifest.xml:244:13-69
activity#com.manateeworks.cameraDemo.ActivityCapture
ADDED from src/main/AndroidManifest.xml:249:9-253:67
	android:screenOrientation
		ADDED from src/main/AndroidManifest.xml:251:13-50
	android:windowSoftInputMode
		ADDED from src/main/AndroidManifest.xml:253:13-64
	android:theme
		ADDED from src/main/AndroidManifest.xml:252:13-51
	android:name
		ADDED from src/main/AndroidManifest.xml:250:13-71